Building DAG of jobs...
Using shell: /bin/bash
Provided cores: 2
Rules claiming more threads will be scaled down.
Job stats:
job        count
-------  -------
all            1
sam2bam        1
total          2

Select jobs to execute...
Execute 1 jobs...

[Sun Mar 24 22:30:04 2024]
localrule sam2bam:
    input: results/sample.fixed.sam
    output: results/sample.bam
    log: logs/sam2bam.log
    jobid: 1
    reason: Missing output files: results/sample.bam; Code has changed since last execution; Params have changed since last execution
    resources: tmpdir=/var/folders/w5/3qblr22x1kj61wv4wdd5jjhm0000gn/T

[Sun Mar 24 22:30:04 2024]
Error in rule sam2bam:
    jobid: 1
    input: results/sample.fixed.sam
    output: results/sample.bam
    log: logs/sam2bam.log (check log file(s) for error details)
    shell:
        GATK --java-options SamFormatConverter --INPUT results/sample.fixed.sam --OUTPUT results/sample.bam 2> logs/sam2bam.log
        (one of the commands exited with non-zero exit code; note that snakemake uses bash strict mode!)

Shutting down, this might take some time.
Exiting because a job execution failed. Look above for error message
Complete log: .snakemake/log/2024-03-24T223001.772636.snakemake.log
WorkflowError:
At least one job did not complete successfully.
