Building DAG of jobs...
Using shell: /bin/bash
Provided cores: 2
Rules claiming more threads will be scaled down.
Job stats:
job                  count
-----------------  -------
all                      1
fgbio                    1
gatk_calling             1
genotype_gvcf            1
index_featurefile        1
total                    5

Select jobs to execute...
Execute 1 jobs...

[Sun Mar 24 16:16:41 2024]
localrule fgbio:
    input: data/ref.fa, results/sample.trimed.aligned.sorted.bam.bai
    output: results/sample.trimed.fgbio.vcf
    jobid: 4
    reason: Missing output files: results/sample.trimed.fgbio.vcf
    threads: 2
    resources: tmpdir=/var/folders/w5/3qblr22x1kj61wv4wdd5jjhm0000gn/T

[Sun Mar 24 16:16:45 2024]
Error in rule fgbio:
    jobid: 4
    input: data/ref.fa, results/sample.trimed.aligned.sorted.bam.bai
    output: results/sample.trimed.fgbio.vcf
    shell:
        fgbio ClipBam --threads 2 -i results/sample.trimed.aligned.sorted.bam.bai -r data/ref.fa -o results/sample.trimed.fgbio.vcf --clip-overlapping-reads -c Hard -m sample_fgbio_metrics.txt
        (one of the commands exited with non-zero exit code; note that snakemake uses bash strict mode!)

Shutting down, this might take some time.
Exiting because a job execution failed. Look above for error message
Complete log: .snakemake/log/2024-03-24T161638.002922.snakemake.log
WorkflowError:
At least one job did not complete successfully.
