Building DAG of jobs...
Using shell: /bin/bash
Provided cores: 2
Rules claiming more threads will be scaled down.
Job stats:
job                  count
-----------------  -------
all                      1
gatk_calling             1
genotype_gvcf            1
index_featurefile        1
samtools_sort            1
total                    5

Select jobs to execute...
Execute 1 jobs...

[Sun Mar 24 20:04:29 2024]
localrule samtools_sort:
    input: results/sample.trimed.aligned.bam
    output: results/sample.trimed.aligned.sorted.bam
    log: logs/samtools_sort.log
    jobid: 4
    reason: Missing output files: results/sample.trimed.aligned.sorted.bam
    threads: 2
    resources: tmpdir=/var/folders/w5/3qblr22x1kj61wv4wdd5jjhm0000gn/T

[Sun Mar 24 20:04:29 2024]
Finished job 4.
1 of 5 steps (20%) done
Select jobs to execute...
Execute 1 jobs...

[Sun Mar 24 20:04:29 2024]
localrule gatk_calling:
    input: data/ref.fa, results/sample.trimed.aligned.sorted.bam
    output: results/sample.complete.raw.g.vcf
    log: logs/gatk_calling.log
    jobid: 3
    reason: Missing output files: results/sample.complete.raw.g.vcf; Input files updated by another job: results/sample.trimed.aligned.sorted.bam
    threads: 2
    resources: tmpdir=/var/folders/w5/3qblr22x1kj61wv4wdd5jjhm0000gn/T

[Sun Mar 24 20:04:29 2024]
Error in rule gatk_calling:
    jobid: 3
    input: data/ref.fa, results/sample.trimed.aligned.sorted.bam
    output: results/sample.complete.raw.g.vcf
    log: logs/gatk_calling.log (check log file(s) for error details)
    shell:
        
        $GATK HaplotypeCaller -t 2 -R data/ref.fa -I results/sample.trimed.aligned.sorted.bam -ERC GVCF --output results/sample.complete.raw.g.vcf --standard-min-confidence-threshold-for-calling 30.0 --dont-use-soft-clipped-bases true --sample-ploidy 2 2> logs/gatk_calling.log"
        
        (one of the commands exited with non-zero exit code; note that snakemake uses bash strict mode!)

Shutting down, this might take some time.
Exiting because a job execution failed. Look above for error message
Complete log: .snakemake/log/2024-03-24T200428.841715.snakemake.log
WorkflowError:
At least one job did not complete successfully.
