Building DAG of jobs...
Using shell: /bin/bash
Provided cores: 2
Rules claiming more threads will be scaled down.
Job stats:
job                  count
-----------------  -------
all                      1
bwa_index                1
bwa_mapping              1
fgbio                    1
gatk_calling             1
genotype_gvcf            1
index_featurefile        1
samtools_index           1
samtools_sort            1
samtools_view            1
total                   10

Select jobs to execute...
Execute 1 jobs...

[Sun Mar 24 19:27:43 2024]
localrule bwa_index:
    input: data/ref.fa
    output: results/indexed.bwt
    log: logs/bwa_index.log
    jobid: 9
    reason: Missing output files: results/indexed.bwt
    resources: tmpdir=/var/folders/w5/3qblr22x1kj61wv4wdd5jjhm0000gn/T

[Sun Mar 24 19:27:44 2024]
Finished job 9.
1 of 10 steps (10%) done
Select jobs to execute...
Execute 1 jobs...

[Sun Mar 24 19:27:44 2024]
localrule bwa_mapping:
    input: results/indexed.bwt, data/sample.fastq
    output: results/indexed.trimed.sam
    log: logs/bwa_mapping.log
    jobid: 8
    reason: Missing output files: results/indexed.trimed.sam; Input files updated by another job: results/indexed.bwt
    threads: 2
    resources: tmpdir=/var/folders/w5/3qblr22x1kj61wv4wdd5jjhm0000gn/T

[Sun Mar 24 19:27:44 2024]
Finished job 8.
2 of 10 steps (20%) done
Select jobs to execute...
Execute 1 jobs...

[Sun Mar 24 19:27:44 2024]
localrule samtools_view:
    input: results/indexed.trimed.sam
    output: results/sample.trimed.aligned.bam
    log: logs/samtools_view.log
    jobid: 7
    reason: Missing output files: results/sample.trimed.aligned.bam; Input files updated by another job: results/indexed.trimed.sam
    threads: 2
    resources: tmpdir=/var/folders/w5/3qblr22x1kj61wv4wdd5jjhm0000gn/T

[Sun Mar 24 19:27:45 2024]
Finished job 7.
3 of 10 steps (30%) done
Select jobs to execute...
Execute 1 jobs...

[Sun Mar 24 19:27:45 2024]
localrule samtools_sort:
    input: results/sample.trimed.aligned.bam
    output: results/sample.trimed.aligned.sorted.bam
    log: logs/samtools_sort.log
    jobid: 6
    reason: Missing output files: results/sample.trimed.aligned.sorted.bam; Input files updated by another job: results/sample.trimed.aligned.bam
    threads: 2
    resources: tmpdir=/var/folders/w5/3qblr22x1kj61wv4wdd5jjhm0000gn/T

[Sun Mar 24 19:27:46 2024]
Finished job 6.
4 of 10 steps (40%) done
Select jobs to execute...
Execute 1 jobs...

[Sun Mar 24 19:27:46 2024]
localrule samtools_index:
    input: results/sample.trimed.aligned.sorted.bam
    output: results/sample.trimed.aligned.sorted.bam.bai
    log: logs/samtools_index.log
    jobid: 5
    reason: Missing output files: results/sample.trimed.aligned.sorted.bam.bai; Input files updated by another job: results/sample.trimed.aligned.sorted.bam
    threads: 2
    resources: tmpdir=/var/folders/w5/3qblr22x1kj61wv4wdd5jjhm0000gn/T

[Sun Mar 24 19:27:46 2024]
Finished job 5.
5 of 10 steps (50%) done
Select jobs to execute...
Execute 1 jobs...

[Sun Mar 24 19:27:46 2024]
localrule fgbio:
    input: data/ref.fa, results/sample.trimed.aligned.sorted.bam.bai
    output: results/sample.trimed.fgbio.vcf
    log: logs/fgbio.log
    jobid: 4
    reason: Missing output files: results/sample.trimed.fgbio.vcf; Input files updated by another job: results/sample.trimed.aligned.sorted.bam.bai
    threads: 2
    resources: tmpdir=/var/folders/w5/3qblr22x1kj61wv4wdd5jjhm0000gn/T

[Sun Mar 24 19:27:57 2024]
Error in rule fgbio:
    jobid: 4
    input: data/ref.fa, results/sample.trimed.aligned.sorted.bam.bai
    output: results/sample.trimed.fgbio.vcf
    log: logs/fgbio.log (check log file(s) for error details)
    shell:
        fgbio ClipBam -i results/sample.trimed.aligned.sorted.bam.bai -r data/ref.fa -o results/sample.trimed.fgbio.vcf --clip-overlapping-reads -c Hard -m sample_fgbio_metrics.txt
        (one of the commands exited with non-zero exit code; note that snakemake uses bash strict mode!)

Removing output files of failed job fgbio since they might be corrupted:
results/sample.trimed.fgbio.vcf
Shutting down, this might take some time.
Exiting because a job execution failed. Look above for error message
Complete log: .snakemake/log/2024-03-24T192716.118732.snakemake.log
WorkflowError:
At least one job did not complete successfully.
