Building DAG of jobs...
Using shell: /bin/bash
Provided cores: 2
Rules claiming more threads will be scaled down.
Job stats:
job            count
-----------  -------
all                1
bwa_mapping        1
total              2

Select jobs to execute...
Execute 1 jobs...

[Sun Mar 24 21:43:16 2024]
localrule bwa_mapping:
    input: results/sample.indexed.bwt, data/sample.fastq
    output: results/sample.sam
    log: logs/bwa_mapping.log
    jobid: 1
    reason: Code has changed since last execution
    threads: 2
    resources: tmpdir=/var/folders/w5/3qblr22x1kj61wv4wdd5jjhm0000gn/T

[Sun Mar 24 21:43:17 2024]
Finished job 1.
1 of 2 steps (50%) done
Select jobs to execute...
Execute 1 jobs...

[Sun Mar 24 21:43:17 2024]
localrule all:
    input: results/sample.sam
    jobid: 0
    reason: Input files updated by another job: results/sample.sam
    resources: tmpdir=/var/folders/w5/3qblr22x1kj61wv4wdd5jjhm0000gn/T

[Sun Mar 24 21:43:17 2024]
Finished job 0.
2 of 2 steps (100%) done
Complete log: .snakemake/log/2024-03-24T214315.953980.snakemake.log
