Building DAG of jobs...
Using shell: /bin/bash
Provided cores: 2
Rules claiming more threads will be scaled down.
Job stats:
job            count
-----------  -------
all                1
bwa_index          1
bwa_mapping        1
total              3

Select jobs to execute...
Execute 1 jobs...

[Sun Mar 24 15:53:07 2024]
localrule bwa_index:
    input: data/ref.fa
    output: results/indexed.bwt
    log: logs/bwa_index.log
    jobid: 2
    reason: Missing output files: results/indexed.bwt
    resources: tmpdir=/var/folders/w5/3qblr22x1kj61wv4wdd5jjhm0000gn/T

[Sun Mar 24 15:53:07 2024]
Finished job 2.
1 of 3 steps (33%) done
Select jobs to execute...
Execute 1 jobs...

[Sun Mar 24 15:53:07 2024]
localrule bwa_mapping:
    input: results/indexed.bwt, data/sample.fastq
    output: results/indexed.trimed.sam
    log: logs/bwa_mapping.log
    jobid: 1
    reason: Missing output files: results/indexed.trimed.sam; Input files updated by another job: results/indexed.bwt
    threads: 2
    resources: tmpdir=/var/folders/w5/3qblr22x1kj61wv4wdd5jjhm0000gn/T

[Sun Mar 24 15:53:08 2024]
Finished job 1.
2 of 3 steps (67%) done
Select jobs to execute...
Execute 1 jobs...

[Sun Mar 24 15:53:08 2024]
localrule all:
    input: results/indexed.trimed.sam
    jobid: 0
    reason: Input files updated by another job: results/indexed.trimed.sam
    resources: tmpdir=/var/folders/w5/3qblr22x1kj61wv4wdd5jjhm0000gn/T

[Sun Mar 24 15:53:08 2024]
Finished job 0.
3 of 3 steps (100%) done
Complete log: .snakemake/log/2024-03-24T155305.464867.snakemake.log
