Building DAG of jobs...
Using shell: /bin/bash
Provided cores: 2
Rules claiming more threads will be scaled down.
Job stats:
job            count
-----------  -------
bwa_mapping        1
total              1

Select jobs to execute...
Execute 1 jobs...

[Sat Mar 23 18:26:53 2024]
localrule bwa_mapping:
    input: results/indexed, data/sample.fastq
    output: results/sample.trimed.sam
    log: logs/bwa_mapping.log
    jobid: 0
    reason: Missing output files: results/sample.trimed.sam
    threads: 2
    resources: tmpdir=/var/folders/w5/3qblr22x1kj61wv4wdd5jjhm0000gn/T

RuleException in rule bwa_mapping in file /Users/aliasmatis/Desktop/projects/Worflow/rules/alignment.smk, line 44:
AttributeError: 'Params' object has no attribute 'threads', when formatting the following:
bwa mem -t {params.threads} {input.indexed} {input.fastq} > {output.sam}
