Building DAG of jobs...
Using shell: /bin/bash
Provided cores: 2
Rules claiming more threads will be scaled down.
Job stats:
job       count
------  -------
fastqc        1
total         1

Select jobs to execute...
Execute 1 jobs...

[Tue Mar 19 18:19:59 2024]
localrule fastqc:
    input: data/sample.fastq
    output: results/sample_fastqc.html, results/sample_fastqc.zip
    jobid: 0
    reason: Missing output files: results/sample_fastqc.zip, results/sample_fastqc.html
    threads: 2
    resources: tmpdir=/var/folders/w5/3qblr22x1kj61wv4wdd5jjhm0000gn/T

[Tue Mar 19 18:20:06 2024]
Finished job 0.
1 of 1 steps (100%) done
Complete log: .snakemake/log/2024-03-19T181959.384167.snakemake.log
