Building DAG of jobs...
Using shell: /bin/bash
Provided cores: 2
Rules claiming more threads will be scaled down.
Job stats:
job                  count
-----------------  -------
all                      1
bwa_index                1
bwa_mapping              1
gatk_calling             1
genotype_gvcf            1
index_featurefile        1
samtools_index           1
samtools_sort            1
samtools_view            1
total                    9

Select jobs to execute...
Execute 1 jobs...

[Sun Mar 24 20:01:03 2024]
localrule bwa_index:
    input: data/ref.fa
    output: results/indexed.bwt
    log: logs/bwa_index.log
    jobid: 8
    reason: Code has changed since last execution
    resources: tmpdir=/var/folders/w5/3qblr22x1kj61wv4wdd5jjhm0000gn/T

[Sun Mar 24 20:01:03 2024]
Finished job 8.
1 of 9 steps (11%) done
Select jobs to execute...
Execute 1 jobs...

[Sun Mar 24 20:01:03 2024]
localrule bwa_mapping:
    input: results/indexed.bwt, data/sample.fastq
    output: results/indexed.trimed.sam
    log: logs/bwa_mapping.log
    jobid: 7
    reason: Input files updated by another job: results/indexed.bwt
    threads: 2
    resources: tmpdir=/var/folders/w5/3qblr22x1kj61wv4wdd5jjhm0000gn/T

[Sun Mar 24 20:01:03 2024]
Finished job 7.
2 of 9 steps (22%) done
Select jobs to execute...
Execute 1 jobs...

[Sun Mar 24 20:01:03 2024]
localrule samtools_view:
    input: results/indexed.trimed.sam
    output: results/sample.trimed.aligned.bam
    log: logs/samtools_view.log
    jobid: 6
    reason: Input files updated by another job: results/indexed.trimed.sam
    threads: 2
    resources: tmpdir=/var/folders/w5/3qblr22x1kj61wv4wdd5jjhm0000gn/T

[Sun Mar 24 20:01:03 2024]
Finished job 6.
3 of 9 steps (33%) done
Select jobs to execute...
Execute 1 jobs...

[Sun Mar 24 20:01:03 2024]
localrule samtools_sort:
    input: results/sample.trimed.aligned.bam
    output: results/sample.trimed.aligned.sorted.bam
    log: logs/samtools_sort.log
    jobid: 5
    reason: Input files updated by another job: results/sample.trimed.aligned.bam
    threads: 2
    resources: tmpdir=/var/folders/w5/3qblr22x1kj61wv4wdd5jjhm0000gn/T

[Sun Mar 24 20:01:03 2024]
Finished job 5.
4 of 9 steps (44%) done
Select jobs to execute...
Execute 1 jobs...

[Sun Mar 24 20:01:03 2024]
localrule samtools_index:
    input: results/sample.trimed.aligned.sorted.bam
    output: results/sample.trimed.aligned.sorted.bam.bai
    log: logs/samtools_index.log
    jobid: 4
    reason: Missing output files: results/sample.trimed.aligned.sorted.bam.bai; Input files updated by another job: results/sample.trimed.aligned.sorted.bam
    threads: 2
    resources: tmpdir=/var/folders/w5/3qblr22x1kj61wv4wdd5jjhm0000gn/T

[Sun Mar 24 20:01:04 2024]
Error in rule samtools_index:
    jobid: 4
    input: results/sample.trimed.aligned.sorted.bam
    output: results/sample.trimed.aligned.sorted.bam.bai
    log: logs/samtools_index.log (check log file(s) for error details)
    shell:
        samtools index results/sample.trimed.aligned.sorted.bam -o results/sample.trimed.aligned.sorted.bam.bai 2> logs/samtools_index.log
        (one of the commands exited with non-zero exit code; note that snakemake uses bash strict mode!)

Shutting down, this might take some time.
Exiting because a job execution failed. Look above for error message
Complete log: .snakemake/log/2024-03-24T200101.109785.snakemake.log
WorkflowError:
At least one job did not complete successfully.
