Building DAG of jobs...
Using shell: /bin/bash
Provided cores: 2
Rules claiming more threads will be scaled down.
Job stats:
job               count
--------------  -------
all                   1
bwa_mapping           1
samtools_index        1
samtools_sort         1
samtools_view         1
total                 5

Select jobs to execute...
Execute 1 jobs...

[Sun Mar 24 16:04:05 2024]
localrule bwa_mapping:
    input: results/indexed.bwt, data/sample.fastq
    output: results/indexed.trimed.sam
    log: logs/bwa_mapping.log
    jobid: 4
    reason: Missing output files: results/indexed.trimed.sam
    threads: 2
    resources: tmpdir=/var/folders/w5/3qblr22x1kj61wv4wdd5jjhm0000gn/T

[Sun Mar 24 16:04:06 2024]
Finished job 4.
1 of 5 steps (20%) done
Select jobs to execute...
Execute 1 jobs...

[Sun Mar 24 16:04:06 2024]
localrule samtools_view:
    input: results/indexed.trimed.sam
    output: results/sample.trimed.aligned.bam
    jobid: 3
    reason: Missing output files: results/sample.trimed.aligned.bam; Input files updated by another job: results/indexed.trimed.sam
    threads: 2
    resources: tmpdir=/var/folders/w5/3qblr22x1kj61wv4wdd5jjhm0000gn/T

[Sun Mar 24 16:04:06 2024]
Finished job 3.
2 of 5 steps (40%) done
Select jobs to execute...
Execute 1 jobs...

[Sun Mar 24 16:04:06 2024]
localrule samtools_sort:
    input: results/sample.trimed.aligned.bam
    output: results/sample.trimed.aligned.sorted.bam
    jobid: 2
    reason: Missing output files: results/sample.trimed.aligned.sorted.bam; Input files updated by another job: results/sample.trimed.aligned.bam
    threads: 2
    resources: tmpdir=/var/folders/w5/3qblr22x1kj61wv4wdd5jjhm0000gn/T

[Sun Mar 24 16:04:07 2024]
Finished job 2.
3 of 5 steps (60%) done
Select jobs to execute...
Execute 1 jobs...

[Sun Mar 24 16:04:07 2024]
localrule samtools_index:
    input: results/sample.trimed.aligned.sorted.bam
    output: results/sample.trimed.aligned.sorted.bam.bai
    jobid: 1
    reason: Missing output files: results/sample.trimed.aligned.sorted.bam.bai; Input files updated by another job: results/sample.trimed.aligned.sorted.bam
    threads: 2
    resources: tmpdir=/var/folders/w5/3qblr22x1kj61wv4wdd5jjhm0000gn/T

[Sun Mar 24 16:04:07 2024]
Finished job 1.
4 of 5 steps (80%) done
Select jobs to execute...
Execute 1 jobs...

[Sun Mar 24 16:04:07 2024]
localrule all:
    input: results/sample.trimed.aligned.sorted.bam.bai
    jobid: 0
    reason: Input files updated by another job: results/sample.trimed.aligned.sorted.bam.bai
    resources: tmpdir=/var/folders/w5/3qblr22x1kj61wv4wdd5jjhm0000gn/T

[Sun Mar 24 16:04:07 2024]
Finished job 0.
5 of 5 steps (100%) done
Complete log: .snakemake/log/2024-03-24T160401.569893.snakemake.log
