Building DAG of jobs...
Using shell: /bin/bash
Provided cores: 2
Rules claiming more threads will be scaled down.
Job stats:
job           count
----------  -------
seqkit_seq        1
total             1

Select jobs to execute...
Execute 1 jobs...

[Sat Mar 23 02:47:21 2024]
localrule seqkit_seq:
    input: data/sample.fastq
    output: results/sample.trimed.fastq.gz
    jobid: 0
    reason: Missing output files: results/sample.trimed.fastq.gz
    threads: 2
    resources: tmpdir=/var/folders/w5/3qblr22x1kj61wv4wdd5jjhm0000gn/T

[Sat Mar 23 02:47:23 2024]
Finished job 0.
1 of 1 steps (100%) done
Removing temporary output results/sample.trimed.fastq.gz.
Complete log: .snakemake/log/2024-03-23T024721.343153.snakemake.log
