Building DAG of jobs...
Using shell: /bin/bash
Provided cores: 2
Rules claiming more threads will be scaled down.
Job stats:
job               count
--------------  -------
all                   1
samtools_index        1
samtools_sort         1
samtools_view         1
total                 4

Select jobs to execute...
Execute 1 jobs...

[Sun Mar 24 15:58:24 2024]
localrule samtools_view:
    input: results/indexed.trimed.sam
    output: results/sample.trimed.aligned.bam
    jobid: 3
    reason: Missing output files: results/sample.trimed.aligned.bam; Set of input files has changed since last execution
    threads: 2
    resources: tmpdir=/var/folders/w5/3qblr22x1kj61wv4wdd5jjhm0000gn/T

[Sun Mar 24 15:58:24 2024]
Finished job 3.
1 of 4 steps (25%) done
Select jobs to execute...
Execute 1 jobs...

[Sun Mar 24 15:58:24 2024]
localrule samtools_sort:
    input: results/sample.trimed.aligned.bam
    output: results/sample.trimed.aligned.sorted.bam
    jobid: 2
    reason: Missing output files: results/sample.trimed.aligned.sorted.bam; Input files updated by another job: results/sample.trimed.aligned.bam
    threads: 2
    resources: tmpdir=/var/folders/w5/3qblr22x1kj61wv4wdd5jjhm0000gn/T

[Sun Mar 24 15:58:25 2024]
Finished job 2.
2 of 4 steps (50%) done
Select jobs to execute...
Execute 1 jobs...

[Sun Mar 24 15:58:25 2024]
localrule samtools_index:
    input: results/sample.trimed.aligned.sorted.bam
    output: results/sample.trimed.aligned.sorted.bam.bai
    jobid: 1
    reason: Missing output files: results/sample.trimed.aligned.sorted.bam.bai; Input files updated by another job: results/sample.trimed.aligned.sorted.bam
    threads: 2
    resources: tmpdir=/var/folders/w5/3qblr22x1kj61wv4wdd5jjhm0000gn/T

[Sun Mar 24 15:58:25 2024]
Finished job 1.
3 of 4 steps (75%) done
Select jobs to execute...
Execute 1 jobs...

[Sun Mar 24 15:58:25 2024]
localrule all:
    input: results/sample.trimed.aligned.sorted.bam.bai
    jobid: 0
    reason: Input files updated by another job: results/sample.trimed.aligned.sorted.bam.bai
    resources: tmpdir=/var/folders/w5/3qblr22x1kj61wv4wdd5jjhm0000gn/T

[Sun Mar 24 15:58:25 2024]
Finished job 0.
4 of 4 steps (100%) done
Complete log: .snakemake/log/2024-03-24T155822.619494.snakemake.log
