Building DAG of jobs...
Using shell: /bin/bash
Provided cores: 2
Rules claiming more threads will be scaled down.
Job stats:
job               count
--------------  -------
all                   1
reads_trimming        1
total                 2

Select jobs to execute...
Execute 1 jobs...

[Mon Mar 25 07:27:28 2024]
localrule reads_trimming:
    input: data/sample.fastq
    output: results/sample_trimmed.fastq.gz, results/sample_failed.fastq.gz, results/sample_adapters_removal_report.html
    log: logs/fastp_sample.log
    jobid: 1
    reason: Missing output files: results/sample_trimmed.fastq.gz; Code has changed since last execution; Params have changed since last execution
    threads: 2
    resources: tmpdir=/var/folders/w5/3qblr22x1kj61wv4wdd5jjhm0000gn/T

[Mon Mar 25 07:29:28 2024]
Finished job 1.
1 of 2 steps (50%) done
Select jobs to execute...
Execute 1 jobs...

[Mon Mar 25 07:29:28 2024]
localrule all:
    input: results/sample_trimmed.fastq.gz, results/sample.fixed.sam
    jobid: 0
    reason: Input files updated by another job: results/sample_trimmed.fastq.gz
    resources: tmpdir=/var/folders/w5/3qblr22x1kj61wv4wdd5jjhm0000gn/T

[Mon Mar 25 07:29:28 2024]
Finished job 0.
2 of 2 steps (100%) done
Complete log: .snakemake/log/2024-03-25T072727.001717.snakemake.log
