Building DAG of jobs...
Using shell: /bin/bash
Provided cores: 2
Rules claiming more threads will be scaled down.
Job stats:
job           count
----------  -------
fastp_trim        1
total             1

Select jobs to execute...
Execute 1 jobs...

[Sat Mar 23 10:48:41 2024]
localrule fastp_trim:
    input: data/sample.fastq
    output: results/sample_trimmed.fastq.gz, results/sample_failed.fastq.gz, results/sample_adapters_removal_report.html
    jobid: 0
    reason: Missing output files: results/sample_trimmed.fastq.gz, results/sample_adapters_removal_report.html, results/sample_failed.fastq.gz
    threads: 2
    resources: tmpdir=/var/folders/w5/3qblr22x1kj61wv4wdd5jjhm0000gn/T

[Sat Mar 23 10:50:26 2024]
Finished job 0.
1 of 1 steps (100%) done
Complete log: .snakemake/log/2024-03-23T104840.338547.snakemake.log
