Building DAG of jobs...
Using shell: /bin/bash
Provided cores: 2
Rules claiming more threads will be scaled down.
Job stats:
job           count
----------  -------
seqkit_seq        1
total             1

Select jobs to execute...
Execute 1 jobs...

[Tue Mar 19 13:38:30 2024]
localrule seqkit_seq:
    input: data/sample.fastq
    output: results/reads.trimed.fastq.gz
    jobid: 0
    reason: Missing output files: results/reads.trimed.fastq.gz
    threads: 2
    resources: tmpdir=/var/folders/w5/3qblr22x1kj61wv4wdd5jjhm0000gn/T

[Tue Mar 19 13:38:30 2024]
Error in rule seqkit_seq:
    jobid: 0
    input: data/sample.fastq
    output: results/reads.trimed.fastq.gz
    shell:
        seqkit seq -j 2 -g -m 10 data/sample.fastq -o results/reads.trimed.fastq.gz 2> 
        (one of the commands exited with non-zero exit code; note that snakemake uses bash strict mode!)

Shutting down, this might take some time.
Exiting because a job execution failed. Look above for error message
Complete log: .snakemake/log/2024-03-19T133830.301780.snakemake.log
WorkflowError:
At least one job did not complete successfully.
