Building DAG of jobs...
Using shell: /bin/bash
Provided cores: 2
Rules claiming more threads will be scaled down.
Job stats:
job                  count
-----------------  -------
all                      1
fgbio                    1
gatk_calling             1
genotype_gvcf            1
index_featurefile        1
samtools_index           1
samtools_sort            1
samtools_view            1
total                    8

Select jobs to execute...
Execute 1 jobs...

[Sun Mar 24 19:38:23 2024]
localrule samtools_view:
    input: results/indexed.trimed.sam
    output: results/sample.trimed.aligned.bam
    log: logs/samtools_view.log
    jobid: 7
    reason: Missing output files: results/sample.trimed.aligned.bam
    threads: 2
    resources: tmpdir=/var/folders/w5/3qblr22x1kj61wv4wdd5jjhm0000gn/T

[Sun Mar 24 19:38:23 2024]
Finished job 7.
1 of 8 steps (12%) done
Select jobs to execute...
Execute 1 jobs...

[Sun Mar 24 19:38:23 2024]
localrule samtools_sort:
    input: results/sample.trimed.aligned.bam
    output: results/sample.trimed.aligned.sorted.bam
    log: logs/samtools_sort.log
    jobid: 6
    reason: Missing output files: results/sample.trimed.aligned.sorted.bam; Input files updated by another job: results/sample.trimed.aligned.bam; Code has changed since last execution
    threads: 2
    resources: tmpdir=/var/folders/w5/3qblr22x1kj61wv4wdd5jjhm0000gn/T

[Sun Mar 24 19:38:24 2024]
Finished job 6.
2 of 8 steps (25%) done
Select jobs to execute...
Execute 1 jobs...

[Sun Mar 24 19:38:24 2024]
localrule samtools_index:
    input: results/sample.trimed.aligned.sorted.bam
    output: results/sample.trimed.aligned.sorted.bam.bai
    log: logs/samtools_index.log
    jobid: 5
    reason: Missing output files: results/sample.trimed.aligned.sorted.bam.bai; Input files updated by another job: results/sample.trimed.aligned.sorted.bam
    threads: 2
    resources: tmpdir=/var/folders/w5/3qblr22x1kj61wv4wdd5jjhm0000gn/T

[Sun Mar 24 19:38:24 2024]
Error in rule samtools_index:
    jobid: 5
    input: results/sample.trimed.aligned.sorted.bam
    output: results/sample.trimed.aligned.sorted.bam.bai
    log: logs/samtools_index.log (check log file(s) for error details)
    shell:
        samtools index -@ 2  results/sample.trimed.aligned.sorted.bam
        (one of the commands exited with non-zero exit code; note that snakemake uses bash strict mode!)

Shutting down, this might take some time.
Exiting because a job execution failed. Look above for error message
Complete log: .snakemake/log/2024-03-24T193822.775373.snakemake.log
WorkflowError:
At least one job did not complete successfully.
