Building DAG of jobs...
Using shell: /bin/bash
Provided cores: 2
Rules claiming more threads will be scaled down.
Job stats:
job            count
-----------  -------
all                1
bwa_index          1
bwa_mapping        1
fixmate            1
total              4

Select jobs to execute...
Execute 1 jobs...

[Sun Mar 24 22:29:33 2024]
localrule bwa_index:
    input: data/ref.fa
    output: results/sample.indexed.bwt
    log: logs/bwa_index.log
    jobid: 3
    reason: Missing output files: results/sample.indexed.bwt
    resources: tmpdir=/var/folders/w5/3qblr22x1kj61wv4wdd5jjhm0000gn/T

[Sun Mar 24 22:29:33 2024]
Finished job 3.
1 of 4 steps (25%) done
Select jobs to execute...
Execute 1 jobs...

[Sun Mar 24 22:29:33 2024]
localrule bwa_mapping:
    input: results/sample.indexed.bwt, data/sample.fastq
    output: results/sample.sam
    log: logs/bwa_mapping.log
    jobid: 2
    reason: Missing output files: results/sample.sam; Input files updated by another job: results/sample.indexed.bwt
    threads: 2
    resources: tmpdir=/var/folders/w5/3qblr22x1kj61wv4wdd5jjhm0000gn/T

[Sun Mar 24 22:29:34 2024]
Finished job 2.
2 of 4 steps (50%) done
Select jobs to execute...
Execute 1 jobs...

[Sun Mar 24 22:29:34 2024]
localrule fixmate:
    input: results/sample.sam
    output: results/sample.fixed.sam
    log: logs/fixmate.log
    jobid: 1
    reason: Missing output files: results/sample.fixed.sam; Input files updated by another job: results/sample.sam
    threads: 2
    resources: tmpdir=/var/folders/w5/3qblr22x1kj61wv4wdd5jjhm0000gn/T

[Sun Mar 24 22:29:34 2024]
Finished job 1.
3 of 4 steps (75%) done
Select jobs to execute...
Execute 1 jobs...

[Sun Mar 24 22:29:34 2024]
localrule all:
    input: results/sample.fixed.sam
    jobid: 0
    reason: Input files updated by another job: results/sample.fixed.sam
    resources: tmpdir=/var/folders/w5/3qblr22x1kj61wv4wdd5jjhm0000gn/T

[Sun Mar 24 22:29:34 2024]
Finished job 0.
4 of 4 steps (100%) done
Complete log: .snakemake/log/2024-03-24T222929.119168.snakemake.log
