Building DAG of jobs...
Using shell: /bin/bash
Provided cores: 2
Rules claiming more threads will be scaled down.
Job stats:
job          count
---------  -------
bwa_index        1
total            1

Select jobs to execute...
Execute 1 jobs...

[Sat Mar 23 15:31:33 2024]
localrule bwa_index:
    input: data/ref.fa
    output: results/indexed.amb, results/indexed.ann, results/indexed.bwt, results/indexed.pac, results/indexed.sa
    jobid: 0
    reason: Missing output files: results/indexed.pac, results/indexed.bwt, results/indexed.amb, results/indexed.ann, results/indexed.sa
    threads: 2
    resources: tmpdir=/var/folders/w5/3qblr22x1kj61wv4wdd5jjhm0000gn/T

[Sat Mar 23 15:31:34 2024]
Error in rule bwa_index:
    jobid: 0
    input: data/ref.fa
    output: results/indexed.amb, results/indexed.ann, results/indexed.bwt, results/indexed.pac, results/indexed.sa
    shell:
        bwa index -p indexed data/ref.fa && mv indexed.* results/indexed.amb results/indexed.ann results/indexed.bwt results/indexed.pac results/indexed.sa
        (one of the commands exited with non-zero exit code; note that snakemake uses bash strict mode!)

Shutting down, this might take some time.
Exiting because a job execution failed. Look above for error message
Complete log: .snakemake/log/2024-03-23T153133.698599.snakemake.log
WorkflowError:
At least one job did not complete successfully.
