Building DAG of jobs...
Using shell: /bin/bash
Provided cores: 2
Rules claiming more threads will be scaled down.
Job stats:
job        count
-------  -------
all            1
bwa_aln        1
total          2

Select jobs to execute...
Execute 1 jobs...

[Sun Mar 24 10:06:39 2024]
localrule bwa_aln:
    input: data/ref.fa.bwt, data/ref.fa, data/sample.fastq
    output: results/sample.sai
    jobid: 1
    reason: Missing output files: results/sample.sai
    resources: tmpdir=/var/folders/w5/3qblr22x1kj61wv4wdd5jjhm0000gn/T

[Sun Mar 24 10:06:39 2024]
Error in rule bwa_aln:
    jobid: 1
    input: data/ref.fa.bwt, data/ref.fa, data/sample.fastq
    output: results/sample.sai
    shell:
        bwa aln -t 1 data/ref.fa data/sample.fastq > results/sample.sai 2> 
        (one of the commands exited with non-zero exit code; note that snakemake uses bash strict mode!)

Shutting down, this might take some time.
Exiting because a job execution failed. Look above for error message
Complete log: .snakemake/log/2024-03-24T100638.798770.snakemake.log
WorkflowError:
At least one job did not complete successfully.
