Building DAG of jobs...
Using shell: /bin/bash
Provided cores: 2
Rules claiming more threads will be scaled down.
Job stats:
job          count
---------  -------
bwa_index        1
total            1

Select jobs to execute...
Execute 1 jobs...

[Sat Mar 23 16:39:24 2024]
localrule bwa_index:
    input: data/ref.fa
    output: results/indexed
    log: logs/bwa_index.log
    jobid: 0
    reason: Missing output files: results/indexed
    resources: tmpdir=/var/folders/w5/3qblr22x1kj61wv4wdd5jjhm0000gn/T

Touching output file results/indexed.
[Sat Mar 23 16:39:25 2024]
Finished job 0.
1 of 1 steps (100%) done
Complete log: .snakemake/log/2024-03-23T163924.611875.snakemake.log
