Building DAG of jobs...
Using shell: /bin/bash
Provided cores: 2
Rules claiming more threads will be scaled down.
Job stats:
job                  count
-----------------  -------
all                      1
bwa_index                1
bwa_mapping              1
fgbio                    1
gatk_calling             1
genotype_gvcf            1
index_featurefile        1
samtools_index           1
samtools_sort            1
samtools_view            1
total                   10

Select jobs to execute...
Execute 1 jobs...

[Sun Mar 24 16:07:10 2024]
localrule bwa_index:
    input: data/ref.fa
    output: results/indexed.bwt
    log: logs/bwa_index.log
    jobid: 9
    reason: Missing output files: results/indexed.bwt
    resources: tmpdir=/var/folders/w5/3qblr22x1kj61wv4wdd5jjhm0000gn/T

[Sun Mar 24 16:07:10 2024]
Finished job 9.
1 of 10 steps (10%) done
Select jobs to execute...
Execute 1 jobs...

[Sun Mar 24 16:07:10 2024]
localrule bwa_mapping:
    input: results/indexed.bwt, data/sample.fastq
    output: results/indexed.trimed.sam
    log: logs/bwa_mapping.log
    jobid: 8
    reason: Missing output files: results/indexed.trimed.sam; Input files updated by another job: results/indexed.bwt
    threads: 2
    resources: tmpdir=/var/folders/w5/3qblr22x1kj61wv4wdd5jjhm0000gn/T

[Sun Mar 24 16:07:10 2024]
Finished job 8.
2 of 10 steps (20%) done
Select jobs to execute...
Execute 1 jobs...

[Sun Mar 24 16:07:10 2024]
localrule samtools_view:
    input: results/indexed.trimed.sam
    output: results/sample.trimed.aligned.bam
    jobid: 7
    reason: Missing output files: results/sample.trimed.aligned.bam; Input files updated by another job: results/indexed.trimed.sam
    threads: 2
    resources: tmpdir=/var/folders/w5/3qblr22x1kj61wv4wdd5jjhm0000gn/T

[Sun Mar 24 16:07:11 2024]
Finished job 7.
3 of 10 steps (30%) done
Select jobs to execute...
Execute 1 jobs...

[Sun Mar 24 16:07:11 2024]
localrule samtools_sort:
    input: results/sample.trimed.aligned.bam
    output: results/sample.trimed.aligned.sorted.bam
    jobid: 6
    reason: Missing output files: results/sample.trimed.aligned.sorted.bam; Input files updated by another job: results/sample.trimed.aligned.bam
    threads: 2
    resources: tmpdir=/var/folders/w5/3qblr22x1kj61wv4wdd5jjhm0000gn/T

[Sun Mar 24 16:07:11 2024]
Finished job 6.
4 of 10 steps (40%) done
Select jobs to execute...
Execute 1 jobs...

[Sun Mar 24 16:07:11 2024]
localrule samtools_index:
    input: results/sample.trimed.aligned.sorted.bam
    output: results/sample.trimed.aligned.sorted.bam.bai
    jobid: 5
    reason: Missing output files: results/sample.trimed.aligned.sorted.bam.bai; Input files updated by another job: results/sample.trimed.aligned.sorted.bam
    threads: 2
    resources: tmpdir=/var/folders/w5/3qblr22x1kj61wv4wdd5jjhm0000gn/T

[Sun Mar 24 16:07:11 2024]
Finished job 5.
5 of 10 steps (50%) done
Select jobs to execute...
Execute 1 jobs...

[Sun Mar 24 16:07:11 2024]
localrule fgbio:
    input: data/ref.fa, results/sample.trimed.aligned.sorted.bam.bai
    output: results/sample.trimed.fgbio.vcf
    jobid: 4
    reason: Missing output files: results/sample.trimed.fgbio.vcf; Input files updated by another job: results/sample.trimed.aligned.sorted.bam.bai
    threads: 2
    resources: tmpdir=/var/folders/w5/3qblr22x1kj61wv4wdd5jjhm0000gn/T

RuleException in rule fgbio in file /Users/aliasmatis/Desktop/projects/Worflow/rules/variants_calling.smk, line 2:
NameError: The name 'reference' is unknown in this context. Please make sure that you defined that variable. Also note that braces not used for variable access have to be escaped by repeating them, i.e. {{print $1}}, when formatting the following:
fgbio ClipBam --threads {threads} -i {input.sorted} -r {reference} -o {output} {params} sample_fgbio_metrics.txt
