Building DAG of jobs...
Using shell: /bin/bash
Provided cores: 2
Rules claiming more threads will be scaled down.
Job stats:
job              count
-------------  -------
samtools_view        1
total                1

Select jobs to execute...
Execute 1 jobs...

[Sun Mar 24 10:30:39 2024]
localrule samtools_view:
    input: results/sample.trimed.sam
    output: results/sample.trimed.aligned.bam
    jobid: 0
    reason: Missing output files: results/sample.trimed.aligned.bam
    threads: 2
    resources: tmpdir=/var/folders/w5/3qblr22x1kj61wv4wdd5jjhm0000gn/T

[Sun Mar 24 10:30:40 2024]
Finished job 0.
1 of 1 steps (100%) done
Removing temporary output results/sample.trimed.aligned.bam.
Complete log: .snakemake/log/2024-03-24T103039.050173.snakemake.log
