Building DAG of jobs...
Using shell: /bin/bash
Provided cores: 2
Rules claiming more threads will be scaled down.
Job stats:
job          count
---------  -------
bwa_index        1
total            1

Select jobs to execute...
Execute 1 jobs...

[Sun Mar 24 10:49:29 2024]
localrule bwa_index:
    input: data/ref.fa
    output: results/indexed.bwt
    log: logs/bwa_index.log
    jobid: 0
    reason: Missing output files: results/indexed.bwt
    resources: tmpdir=/var/folders/w5/3qblr22x1kj61wv4wdd5jjhm0000gn/T

[Sun Mar 24 10:49:30 2024]
Finished job 0.
1 of 1 steps (100%) done
Complete log: .snakemake/log/2024-03-24T104929.078445.snakemake.log
