Building DAG of jobs...
Using shell: /bin/bash
Provided cores: 2
Rules claiming more threads will be scaled down.
Job stats:
job                count
---------------  -------
all                    1
generate_output        1
total                  2

Select jobs to execute...
Execute 1 jobs...

[Tue Mar 19 12:51:55 2024]
localrule generate_output:
    output: output.txt
    jobid: 1
    reason: Missing output files: output.txt
    resources: tmpdir=/var/folders/w5/3qblr22x1kj61wv4wdd5jjhm0000gn/T

[Tue Mar 19 12:51:55 2024]
Finished job 1.
1 of 2 steps (50%) done
Select jobs to execute...
Execute 1 jobs...

[Tue Mar 19 12:51:55 2024]
localrule all:
    input: output.txt
    jobid: 0
    reason: Input files updated by another job: output.txt
    resources: tmpdir=/var/folders/w5/3qblr22x1kj61wv4wdd5jjhm0000gn/T

[Tue Mar 19 12:51:55 2024]
Finished job 0.
2 of 2 steps (100%) done
Complete log: .snakemake/log/2024-03-19T125153.867657.snakemake.log
