Building DAG of jobs...
Using shell: /bin/bash
Provided cores: 2
Rules claiming more threads will be scaled down.
Job stats:
job          count
---------  -------
bwa_index        1
total            1

Select jobs to execute...
Execute 1 jobs...

[Sat Mar 23 12:04:44 2024]
localrule bwa_index:
    input: data/ref.fa
    output: results/prefix.amb, results/prefix.ann, results/prefix.bwt, results/prefix.pac, results/prefix.sa
    jobid: 0
    reason: Missing output files: results/prefix.pac, results/prefix.sa, results/prefix.amb, results/prefix.bwt, results/prefix.ann
    threads: 2
    resources: tmpdir=/var/folders/w5/3qblr22x1kj61wv4wdd5jjhm0000gn/T

RuleException in rule bwa_index in file /Users/aliasmatis/Desktop/projects/Worflow/rules/alignment.smk, line 15:
AttributeError: 'OutputFiles' object has no attribute 'prefix', when formatting the following:
bwa index -p {output.prefix} {input.ref}
