Building DAG of jobs...
Using shell: /bin/bash
Provided cores: 2
Rules claiming more threads will be scaled down.
Job stats:
job       count
------  -------
fastqc        1
total         1

Select jobs to execute...
Execute 1 jobs...

[Tue Mar 19 17:55:44 2024]
localrule fastqc:
    input: data/sample.fastq
    output: results/sample_fastqc.html
    jobid: 0
    reason: Missing output files: results/sample_fastqc.html
    threads: 2
    resources: tmpdir=/var/folders/w5/3qblr22x1kj61wv4wdd5jjhm0000gn/T

[Tue Mar 19 17:55:44 2024]
Error in rule fastqc:
    jobid: 0
    input: data/sample.fastq
    output: results/sample_fastqc.html
    shell:
        fastqc data/sample.fastq --threads 2 --outdir results/sample_fastqc.html
        (one of the commands exited with non-zero exit code; note that snakemake uses bash strict mode!)

Shutting down, this might take some time.
Exiting because a job execution failed. Look above for error message
Complete log: .snakemake/log/2024-03-19T175543.563671.snakemake.log
WorkflowError:
At least one job did not complete successfully.
